2023-03-15T22:34:50.792Z [Modules] Modules initializing
2023-03-15T22:34:50.792Z [Modules] Distribution: remote
2023-03-15T22:34:50.792Z [Modules] Host updates: enabled
2023-03-15T22:34:50.792Z [Modules] Module updates: enabled
2023-03-15T22:34:50.792Z [Modules] Module install path: /home/ramin/.config/discord/0.0.25/modules
2023-03-15T22:34:50.792Z [Modules] Module installed file path: /home/ramin/.config/discord/0.0.25/modules/installed.json
2023-03-15T22:34:50.792Z [Modules] Module download path: /home/ramin/.config/discord/0.0.25/modules/pending
2023-03-15T22:34:50.959Z [Modules] Bootstrapping...
2023-03-15T22:34:50.960Z [Modules] Installing discord_desktop_core@0 from /opt/discord/resources/bootstrap/discord_desktop_core.zip
2023-03-15T22:34:50.961Z [Modules] Failed installing discord_desktop_core@0: Error: ENOENT: no such file or directory, open '/opt/discord/resources/bootstrap/discord_desktop_core.zip'
2023-03-15T22:34:50.962Z [Modules] Installing discord_erlpack@0 from /opt/discord/resources/bootstrap/discord_erlpack.zip
2023-03-15T22:34:50.962Z [Modules] Failed installing discord_erlpack@0: Error: ENOENT: no such file or directory, open '/opt/discord/resources/bootstrap/discord_erlpack.zip'
2023-03-15T22:34:50.962Z [Modules] Installing discord_spellcheck@0 from /opt/discord/resources/bootstrap/discord_spellcheck.zip
2023-03-15T22:34:50.963Z [Modules] Failed installing discord_spellcheck@0: Error: ENOENT: no such file or directory, open '/opt/discord/resources/bootstrap/discord_spellcheck.zip'
2023-03-15T22:34:50.964Z [Modules] Installing discord_utils@0 from /opt/discord/resources/bootstrap/discord_utils.zip
2023-03-15T22:34:50.965Z [Modules] Failed installing discord_utils@0: Error: ENOENT: no such file or directory, open '/opt/discord/resources/bootstrap/discord_utils.zip'
2023-03-15T22:34:50.965Z [Modules] Installing discord_voice@0 from /opt/discord/resources/bootstrap/discord_voice.zip
2023-03-15T22:34:50.965Z [Modules] Failed installing discord_voice@0: Error: ENOENT: no such file or directory, open '/opt/discord/resources/bootstrap/discord_voice.zip'
2023-03-15T22:34:50.966Z [Modules] Finished module installations. [success: 0] [failure: 5]
2023-03-15T22:34:50.966Z [Modules] Checking for host updates.
2023-03-15T22:34:51.203Z [Modules] Host is up to date.
2023-03-15T22:34:51.204Z [Modules] Checking for module updates at https://discord.com/api/modules/stable/versions.json
2023-03-15T22:34:51.241Z [Modules] Module update available: discord_desktop_core@1 [installed: 0]
2023-03-15T22:34:51.242Z [Modules] Module update available: discord_erlpack@1 [installed: 0]
2023-03-15T22:34:51.242Z [Modules] Module update available: discord_spellcheck@1 [installed: 0]
2023-03-15T22:34:51.242Z [Modules] Module update available: discord_utils@1 [installed: 0]
2023-03-15T22:34:51.242Z [Modules] Module update available: discord_voice@1 [installed: 0]
2023-03-15T22:34:51.242Z [Modules] Fetching discord_desktop_core@1 from https://discord.com/api/modules/stable/discord_desktop_core/1
2023-03-15T22:34:51.242Z [Modules] Streaming discord_desktop_core@1 to /home/ramin/.config/discord/0.0.25/modules/pending/discord_desktop_core-1.zip
2023-03-15T22:34:51.491Z [Modules] Streaming discord_desktop_core@1 to /home/ramin/.config/discord/0.0.25/modules/pending/discord_desktop_core-1.zip: 2%
2023-03-15T22:34:51.499Z [Modules] Streaming discord_desktop_core@1 to /home/ramin/.config/discord/0.0.25/modules/pending/discord_desktop_core-1.zip: 5%
2023-03-15T22:34:51.508Z [Modules] Streaming discord_desktop_core@1 to /home/ramin/.config/discord/0.0.25/modules/pending/discord_desktop_core-1.zip: 9%
2023-03-15T22:34:51.509Z [Modules] Streaming discord_desktop_core@1 to /home/ramin/.config/discord/0.0.25/modules/pending/discord_desktop_core-1.zip: 11%
2023-03-15T22:34:51.511Z [Modules] Streaming discord_desktop_core@1 to /home/ramin/.config/discord/0.0.25/modules/pending/discord_desktop_core-1.zip: 12%
2023-03-15T22:34:51.516Z [Modules] Streaming discord_desktop_core@1 to /home/ramin/.config/discord/0.0.25/modules/pending/discord_desktop_core-1.zip: 15%
2023-03-15T22:34:51.518Z [Modules] Streaming discord_desktop_core@1 to /home/ramin/.config/discord/0.0.25/modules/pending/discord_desktop_core-1.zip: 19%
2023-03-15T22:34:51.520Z [Modules] Streaming discord_desktop_core@1 to /home/ramin/.config/discord/0.0.25/modules/pending/discord_desktop_core-1.zip: 22%
2023-03-15T22:34:51.524Z [Modules] Streaming discord_desktop_core@1 to /home/ramin/.config/discord/0.0.25/modules/pending/discord_desktop_core-1.zip: 26%
2023-03-15T22:34:51.525Z [Modules] Streaming discord_desktop_core@1 to /home/ramin/.config/discord/0.0.25/modules/pending/discord_desktop_core-1.zip: 27%
2023-03-15T22:34:51.526Z [Modules] Streaming discord_desktop_core@1 to /home/ramin/.config/discord/0.0.25/modules/pending/discord_desktop_core-1.zip: 28%
2023-03-15T22:34:51.527Z [Modules] Streaming discord_desktop_core@1 to /home/ramin/.config/discord/0.0.25/modules/pending/discord_desktop_core-1.zip: 31%
2023-03-15T22:34:51.529Z [Modules] Streaming discord_desktop_core@1 to /home/ramin/.config/discord/0.0.25/modules/pending/discord_desktop_core-1.zip: 35%
2023-03-15T22:34:51.530Z [Modules] Streaming discord_desktop_core@1 to /home/ramin/.config/discord/0.0.25/modules/pending/discord_desktop_core-1.zip: 36%
2023-03-15T22:34:51.538Z [Modules] Streaming discord_desktop_core@1 to /home/ramin/.config/discord/0.0.25/modules/pending/discord_desktop_core-1.zip: 37%
2023-03-15T22:34:51.541Z [Modules] Streaming discord_desktop_core@1 to /home/ramin/.config/discord/0.0.25/modules/pending/discord_desktop_core-1.zip: 41%
2023-03-15T22:34:51.542Z [Modules] Streaming discord_desktop_core@1 to /home/ramin/.config/discord/0.0.25/modules/pending/discord_desktop_core-1.zip: 47%
2023-03-15T22:34:51.543Z [Modules] Streaming discord_desktop_core@1 to /home/ramin/.config/discord/0.0.25/modules/pending/discord_desktop_core-1.zip: 51%
2023-03-15T22:34:51.543Z [Modules] Streaming discord_desktop_core@1 to /home/ramin/.config/discord/0.0.25/modules/pending/discord_desktop_core-1.zip: 52%
2023-03-15T22:34:51.551Z [Modules] Streaming discord_desktop_core@1 to /home/ramin/.config/discord/0.0.25/modules/pending/discord_desktop_core-1.zip: 55%
2023-03-15T22:34:51.551Z [Modules] Streaming discord_desktop_core@1 to /home/ramin/.config/discord/0.0.25/modules/pending/discord_desktop_core-1.zip: 56%
2023-03-15T22:34:51.553Z [Modules] Streaming discord_desktop_core@1 to /home/ramin/.config/discord/0.0.25/modules/pending/discord_desktop_core-1.zip: 59%
2023-03-15T22:34:51.553Z [Modules] Streaming discord_desktop_core@1 to /home/ramin/.config/discord/0.0.25/modules/pending/discord_desktop_core-1.zip: 60%
2023-03-15T22:34:51.559Z [Modules] Streaming discord_desktop_core@1 to /home/ramin/.config/discord/0.0.25/modules/pending/discord_desktop_core-1.zip: 64%
2023-03-15T22:34:51.559Z [Modules] Streaming discord_desktop_core@1 to /home/ramin/.config/discord/0.0.25/modules/pending/discord_desktop_core-1.zip: 65%
2023-03-15T22:34:51.565Z [Modules] Streaming discord_desktop_core@1 to /home/ramin/.config/discord/0.0.25/modules/pending/discord_desktop_core-1.zip: 68%
2023-03-15T22:34:51.565Z [Modules] Streaming discord_desktop_core@1 to /home/ramin/.config/discord/0.0.25/modules/pending/discord_desktop_core-1.zip: 70%
2023-03-15T22:34:51.568Z [Modules] Streaming discord_desktop_core@1 to /home/ramin/.config/discord/0.0.25/modules/pending/discord_desktop_core-1.zip: 71%
2023-03-15T22:34:51.573Z [Modules] Streaming discord_desktop_core@1 to /home/ramin/.config/discord/0.0.25/modules/pending/discord_desktop_core-1.zip: 74%
2023-03-15T22:34:51.574Z [Modules] Streaming discord_desktop_core@1 to /home/ramin/.config/discord/0.0.25/modules/pending/discord_desktop_core-1.zip: 81%
2023-03-15T22:34:51.577Z [Modules] Streaming discord_desktop_core@1 to /home/ramin/.config/discord/0.0.25/modules/pending/discord_desktop_core-1.zip: 84%
2023-03-15T22:34:51.577Z [Modules] Streaming discord_desktop_core@1 to /home/ramin/.config/discord/0.0.25/modules/pending/discord_desktop_core-1.zip: 88%
2023-03-15T22:34:51.579Z [Modules] Streaming discord_desktop_core@1 to /home/ramin/.config/discord/0.0.25/modules/pending/discord_desktop_core-1.zip: 91%
2023-03-15T22:34:51.580Z [Modules] Streaming discord_desktop_core@1 to /home/ramin/.config/discord/0.0.25/modules/pending/discord_desktop_core-1.zip: 92%
2023-03-15T22:34:51.582Z [Modules] Streaming discord_desktop_core@1 to /home/ramin/.config/discord/0.0.25/modules/pending/discord_desktop_core-1.zip: 96%
2023-03-15T22:34:51.582Z [Modules] Streaming discord_desktop_core@1 to /home/ramin/.config/discord/0.0.25/modules/pending/discord_desktop_core-1.zip: 97%
2023-03-15T22:34:51.583Z [Modules] Streaming discord_desktop_core@1 to /home/ramin/.config/discord/0.0.25/modules/pending/discord_desktop_core-1.zip: 100%
2023-03-15T22:34:51.585Z [Modules] Fetching discord_erlpack@1 from https://discord.com/api/modules/stable/discord_erlpack/1
2023-03-15T22:34:51.585Z [Modules] Streaming discord_erlpack@1 to /home/ramin/.config/discord/0.0.25/modules/pending/discord_erlpack-1.zip
2023-03-15T22:34:51.750Z [Modules] Streaming discord_erlpack@1 to /home/ramin/.config/discord/0.0.25/modules/pending/discord_erlpack-1.zip: 3%
2023-03-15T22:34:51.751Z [Modules] Streaming discord_erlpack@1 to /home/ramin/.config/discord/0.0.25/modules/pending/discord_erlpack-1.zip: 5%
2023-03-15T22:34:51.756Z [Modules] Streaming discord_erlpack@1 to /home/ramin/.config/discord/0.0.25/modules/pending/discord_erlpack-1.zip: 9%
2023-03-15T22:34:51.757Z [Modules] Streaming discord_erlpack@1 to /home/ramin/.config/discord/0.0.25/modules/pending/discord_erlpack-1.zip: 11%
2023-03-15T22:34:51.757Z [Modules] Streaming discord_erlpack@1 to /home/ramin/.config/discord/0.0.25/modules/pending/discord_erlpack-1.zip: 13%
2023-03-15T22:34:51.760Z [Modules] Streaming discord_erlpack@1 to /home/ramin/.config/discord/0.0.25/modules/pending/discord_erlpack-1.zip: 17%
2023-03-15T22:34:51.762Z [Modules] Streaming discord_erlpack@1 to /home/ramin/.config/discord/0.0.25/modules/pending/discord_erlpack-1.zip: 21%
2023-03-15T22:34:51.763Z [Modules] Streaming discord_erlpack@1 to /home/ramin/.config/discord/0.0.25/modules/pending/discord_erlpack-1.zip: 24%
2023-03-15T22:34:51.765Z [Modules] Streaming discord_erlpack@1 to /home/ramin/.config/discord/0.0.25/modules/pending/discord_erlpack-1.zip: 28%
2023-03-15T22:34:51.766Z [Modules] Streaming discord_erlpack@1 to /home/ramin/.config/discord/0.0.25/modules/pending/discord_erlpack-1.zip: 29%
2023-03-15T22:34:51.771Z [Modules] Streaming discord_erlpack@1 to /home/ramin/.config/discord/0.0.25/modules/pending/discord_erlpack-1.zip: 31%
2023-03-15T22:34:51.771Z [Modules] Streaming discord_erlpack@1 to /home/ramin/.config/discord/0.0.25/modules/pending/discord_erlpack-1.zip: 38%
2023-03-15T22:34:51.774Z [Modules] Streaming discord_erlpack@1 to /home/ramin/.config/discord/0.0.25/modules/pending/discord_erlpack-1.zip: 40%
2023-03-15T22:34:51.779Z [Modules] Streaming discord_erlpack@1 to /home/ramin/.config/discord/0.0.25/modules/pending/discord_erlpack-1.zip: 44%
2023-03-15T22:34:51.782Z [Modules] Streaming discord_erlpack@1 to /home/ramin/.config/discord/0.0.25/modules/pending/discord_erlpack-1.zip: 48%
2023-03-15T22:34:51.782Z [Modules] Streaming discord_erlpack@1 to /home/ramin/.config/discord/0.0.25/modules/pending/discord_erlpack-1.zip: 50%
2023-03-15T22:34:51.784Z [Modules] Streaming discord_erlpack@1 to /home/ramin/.config/discord/0.0.25/modules/pending/discord_erlpack-1.zip: 54%
2023-03-15T22:34:51.786Z [Modules] Streaming discord_erlpack@1 to /home/ramin/.config/discord/0.0.25/modules/pending/discord_erlpack-1.zip: 58%
2023-03-15T22:34:51.786Z [Modules] Streaming discord_erlpack@1 to /home/ramin/.config/discord/0.0.25/modules/pending/discord_erlpack-1.zip: 59%
2023-03-15T22:34:51.789Z [Modules] Streaming discord_erlpack@1 to /home/ramin/.config/discord/0.0.25/modules/pending/discord_erlpack-1.zip: 62%
2023-03-15T22:34:51.789Z [Modules] Streaming discord_erlpack@1 to /home/ramin/.config/discord/0.0.25/modules/pending/discord_erlpack-1.zip: 65%
2023-03-15T22:34:51.796Z [Modules] Streaming discord_erlpack@1 to /home/ramin/.config/discord/0.0.25/modules/pending/discord_erlpack-1.zip: 69%
2023-03-15T22:34:51.796Z [Modules] Streaming discord_erlpack@1 to /home/ramin/.config/discord/0.0.25/modules/pending/discord_erlpack-1.zip: 74%
2023-03-15T22:34:51.800Z [Modules] Streaming discord_erlpack@1 to /home/ramin/.config/discord/0.0.25/modules/pending/discord_erlpack-1.zip: 78%
2023-03-15T22:34:51.803Z [Modules] Streaming discord_erlpack@1 to /home/ramin/.config/discord/0.0.25/modules/pending/discord_erlpack-1.zip: 83%
2023-03-15T22:34:51.803Z [Modules] Streaming discord_erlpack@1 to /home/ramin/.config/discord/0.0.25/modules/pending/discord_erlpack-1.zip: 89%
2023-03-15T22:34:51.806Z [Modules] Streaming discord_erlpack@1 to /home/ramin/.config/discord/0.0.25/modules/pending/discord_erlpack-1.zip: 93%
2023-03-15T22:34:51.807Z [Modules] Streaming discord_erlpack@1 to /home/ramin/.config/discord/0.0.25/modules/pending/discord_erlpack-1.zip: 94%
2023-03-15T22:34:51.810Z [Modules] Streaming discord_erlpack@1 to /home/ramin/.config/discord/0.0.25/modules/pending/discord_erlpack-1.zip: 97%
2023-03-15T22:34:51.815Z [Modules] Streaming discord_erlpack@1 to /home/ramin/.config/discord/0.0.25/modules/pending/discord_erlpack-1.zip: 100%
2023-03-15T22:34:51.816Z [Modules] Fetching discord_spellcheck@1 from https://discord.com/api/modules/stable/discord_spellcheck/1
2023-03-15T22:34:51.816Z [Modules] Streaming discord_spellcheck@1 to /home/ramin/.config/discord/0.0.25/modules/pending/discord_spellcheck-1.zip
2023-03-15T22:34:51.989Z [Modules] Streaming discord_spellcheck@1 to /home/ramin/.config/discord/0.0.25/modules/pending/discord_spellcheck-1.zip: 1%
2023-03-15T22:34:51.992Z [Modules] Streaming discord_spellcheck@1 to /home/ramin/.config/discord/0.0.25/modules/pending/discord_spellcheck-1.zip: 2%
2023-03-15T22:34:51.994Z [Modules] Streaming discord_spellcheck@1 to /home/ramin/.config/discord/0.0.25/modules/pending/discord_spellcheck-1.zip: 3%
2023-03-15T22:34:52.000Z [Modules] Streaming discord_spellcheck@1 to /home/ramin/.config/discord/0.0.25/modules/pending/discord_spellcheck-1.zip: 4%
2023-03-15T22:34:52.002Z [Modules] Streaming discord_spellcheck@1 to /home/ramin/.config/discord/0.0.25/modules/pending/discord_spellcheck-1.zip: 5%
2023-03-15T22:34:52.005Z [Modules] Streaming discord_spellcheck@1 to /home/ramin/.config/discord/0.0.25/modules/pending/discord_spellcheck-1.zip: 6%
2023-03-15T22:34:52.008Z [Modules] Streaming discord_spellcheck@1 to /home/ramin/.config/discord/0.0.25/modules/pending/discord_spellcheck-1.zip: 7%
2023-03-15T22:34:52.011Z [Modules] Streaming discord_spellcheck@1 to /home/ramin/.config/discord/0.0.25/modules/pending/discord_spellcheck-1.zip: 8%
2023-03-15T22:34:52.022Z [Modules] Streaming discord_spellcheck@1 to /home/ramin/.config/discord/0.0.25/modules/pending/discord_spellcheck-1.zip: 9%
2023-03-15T22:34:52.022Z [Modules] Streaming discord_spellcheck@1 to /home/ramin/.config/discord/0.0.25/modules/pending/discord_spellcheck-1.zip: 10%
2023-03-15T22:34:52.028Z [Modules] Streaming discord_spellcheck@1 to /home/ramin/.config/discord/0.0.25/modules/pending/discord_spellcheck-1.zip: 11%
2023-03-15T22:34:52.028Z [Modules] Streaming discord_spellcheck@1 to /home/ramin/.config/discord/0.0.25/modules/pending/discord_spellcheck-1.zip: 12%
2023-03-15T22:34:52.031Z [Modules] Streaming discord_spellcheck@1 to /home/ramin/.config/discord/0.0.25/modules/pending/discord_spellcheck-1.zip: 13%
2023-03-15T22:34:52.036Z [Modules] Streaming discord_spellcheck@1 to /home/ramin/.config/discord/0.0.25/modules/pending/discord_spellcheck-1.zip: 14%
2023-03-15T22:34:52.043Z [Modules] Streaming discord_spellcheck@1 to /home/ramin/.config/discord/0.0.25/modules/pending/discord_spellcheck-1.zip: 15%
2023-03-15T22:34:52.048Z [Modules] Streaming discord_spellcheck@1 to /home/ramin/.config/discord/0.0.25/modules/pending/discord_spellcheck-1.zip: 16%
2023-03-15T22:34:52.051Z [Modules] Streaming discord_spellcheck@1 to /home/ramin/.config/discord/0.0.25/modules/pending/discord_spellcheck-1.zip: 17%
2023-03-15T22:34:52.052Z [Modules] Streaming discord_spellcheck@1 to /home/ramin/.config/discord/0.0.25/modules/pending/discord_spellcheck-1.zip: 18%
2023-03-15T22:34:52.055Z [Modules] Streaming discord_spellcheck@1 to /home/ramin/.config/discord/0.0.25/modules/pending/discord_spellcheck-1.zip: 19%
2023-03-15T22:34:52.068Z [Modules] Streaming discord_spellcheck@1 to /home/ramin/.config/discord/0.0.25/modules/pending/discord_spellcheck-1.zip: 20%
2023-03-15T22:34:52.072Z [Modules] Streaming discord_spellcheck@1 to /home/ramin/.config/discord/0.0.25/modules/pending/discord_spellcheck-1.zip: 21%
2023-03-15T22:34:52.079Z [Modules] Streaming discord_spellcheck@1 to /home/ramin/.config/discord/0.0.25/modules/pending/discord_spellcheck-1.zip: 22%
2023-03-15T22:34:52.087Z [Modules] Streaming discord_spellcheck@1 to /home/ramin/.config/discord/0.0.25/modules/pending/discord_spellcheck-1.zip: 23%
2023-03-15T22:34:52.093Z [Modules] Streaming discord_spellcheck@1 to /home/ramin/.config/discord/0.0.25/modules/pending/discord_spellcheck-1.zip: 24%
2023-03-15T22:34:52.093Z [Modules] Streaming discord_spellcheck@1 to /home/ramin/.config/discord/0.0.25/modules/pending/discord_spellcheck-1.zip: 25%
2023-03-15T22:34:52.097Z [Modules] Streaming discord_spellcheck@1 to /home/ramin/.config/discord/0.0.25/modules/pending/discord_spellcheck-1.zip: 26%
2023-03-15T22:34:52.103Z [Modules] Streaming discord_spellcheck@1 to /home/ramin/.config/discord/0.0.25/modules/pending/discord_spellcheck-1.zip: 27%
2023-03-15T22:34:52.110Z [Modules] Streaming discord_spellcheck@1 to /home/ramin/.config/discord/0.0.25/modules/pending/discord_spellcheck-1.zip: 28%
2023-03-15T22:34:52.112Z [Modules] Streaming discord_spellcheck@1 to /home/ramin/.config/discord/0.0.25/modules/pending/discord_spellcheck-1.zip: 29%
2023-03-15T22:34:52.114Z [Modules] Streaming discord_spellcheck@1 to /home/ramin/.config/discord/0.0.25/modules/pending/discord_spellcheck-1.zip: 30%
2023-03-15T22:34:52.116Z [Modules] Streaming discord_spellcheck@1 to /home/ramin/.config/discord/0.0.25/modules/pending/discord_spellcheck-1.zip: 31%
2023-03-15T22:34:52.122Z [Modules] Streaming discord_spellcheck@1 to /home/ramin/.config/discord/0.0.25/modules/pending/discord_spellcheck-1.zip: 32%
2023-03-15T22:34:52.128Z [Modules] Streaming discord_spellcheck@1 to /home/ramin/.config/discord/0.0.25/modules/pending/discord_spellcheck-1.zip: 33%
2023-03-15T22:34:52.129Z [Modules] Streaming discord_spellcheck@1 to /home/ramin/.config/discord/0.0.25/modules/pending/discord_spellcheck-1.zip: 34%
2023-03-15T22:34:52.132Z [Modules] Streaming discord_spellcheck@1 to /home/ramin/.config/discord/0.0.25/modules/pending/discord_spellcheck-1.zip: 35%
2023-03-15T22:34:52.139Z [Modules] Streaming discord_spellcheck@1 to /home/ramin/.config/discord/0.0.25/modules/pending/discord_spellcheck-1.zip: 36%
2023-03-15T22:34:52.139Z [Modules] Streaming discord_spellcheck@1 to /home/ramin/.config/discord/0.0.25/modules/pending/discord_spellcheck-1.zip: 37%
2023-03-15T22:34:52.148Z [Modules] Streaming discord_spellcheck@1 to /home/ramin/.config/discord/0.0.25/modules/pending/discord_spellcheck-1.zip: 38%
2023-03-15T22:34:52.153Z [Modules] Streaming discord_spellcheck@1 to /home/ramin/.config/discord/0.0.25/modules/pending/discord_spellcheck-1.zip: 39%
2023-03-15T22:34:52.154Z [Modules] Streaming discord_spellcheck@1 to /home/ramin/.config/discord/0.0.25/modules/pending/discord_spellcheck-1.zip: 40%
2023-03-15T22:34:52.157Z [Modules] Streaming discord_spellcheck@1 to /home/ramin/.config/discord/0.0.25/modules/pending/discord_spellcheck-1.zip: 41%
2023-03-15T22:34:52.163Z [Modules] Streaming discord_spellcheck@1 to /home/ramin/.config/discord/0.0.25/modules/pending/discord_spellcheck-1.zip: 42%
2023-03-15T22:34:52.164Z [Modules] Streaming discord_spellcheck@1 to /home/ramin/.config/discord/0.0.25/modules/pending/discord_spellcheck-1.zip: 43%
2023-03-15T22:34:52.168Z [Modules] Streaming discord_spellcheck@1 to /home/ramin/.config/discord/0.0.25/modules/pending/discord_spellcheck-1.zip: 44%
2023-03-15T22:34:52.172Z [Modules] Streaming discord_spellcheck@1 to /home/ramin/.config/discord/0.0.25/modules/pending/discord_spellcheck-1.zip: 45%
2023-03-15T22:34:52.175Z [Modules] Streaming discord_spellcheck@1 to /home/ramin/.config/discord/0.0.25/modules/pending/discord_spellcheck-1.zip: 46%
2023-03-15T22:34:52.180Z [Modules] Streaming discord_spellcheck@1 to /home/ramin/.config/discord/0.0.25/modules/pending/discord_spellcheck-1.zip: 47%
2023-03-15T22:34:52.186Z [Modules] Streaming discord_spellcheck@1 to /home/ramin/.config/discord/0.0.25/modules/pending/discord_spellcheck-1.zip: 48%
2023-03-15T22:34:52.192Z [Modules] Streaming discord_spellcheck@1 to /home/ramin/.config/discord/0.0.25/modules/pending/discord_spellcheck-1.zip: 49%
2023-03-15T22:34:52.194Z [Modules] Streaming discord_spellcheck@1 to /home/ramin/.config/discord/0.0.25/modules/pending/discord_spellcheck-1.zip: 50%
2023-03-15T22:34:52.196Z [Modules] Streaming discord_spellcheck@1 to /home/ramin/.config/discord/0.0.25/modules/pending/discord_spellcheck-1.zip: 51%
2023-03-15T22:34:52.205Z [Modules] Streaming discord_spellcheck@1 to /home/ramin/.config/discord/0.0.25/modules/pending/discord_spellcheck-1.zip: 52%
2023-03-15T22:34:52.205Z [Modules] Streaming discord_spellcheck@1 to /home/ramin/.config/discord/0.0.25/modules/pending/discord_spellcheck-1.zip: 53%
2023-03-15T22:34:52.208Z [Modules] Streaming discord_spellcheck@1 to /home/ramin/.config/discord/0.0.25/modules/pending/discord_spellcheck-1.zip: 54%
2023-03-15T22:34:52.212Z [Modules] Streaming discord_spellcheck@1 to /home/ramin/.config/discord/0.0.25/modules/pending/discord_spellcheck-1.zip: 55%
2023-03-15T22:34:52.215Z [Modules] Streaming discord_spellcheck@1 to /home/ramin/.config/discord/0.0.25/modules/pending/discord_spellcheck-1.zip: 56%
2023-03-15T22:34:52.218Z [Modules] Streaming discord_spellcheck@1 to /home/ramin/.config/discord/0.0.25/modules/pending/discord_spellcheck-1.zip: 57%
2023-03-15T22:34:52.224Z [Modules] Streaming discord_spellcheck@1 to /home/ramin/.config/discord/0.0.25/modules/pending/discord_spellcheck-1.zip: 58%
2023-03-15T22:34:52.230Z [Modules] Streaming discord_spellcheck@1 to /home/ramin/.config/discord/0.0.25/modules/pending/discord_spellcheck-1.zip: 59%
2023-03-15T22:34:52.233Z [Modules] Streaming discord_spellcheck@1 to /home/ramin/.config/discord/0.0.25/modules/pending/discord_spellcheck-1.zip: 60%
2023-03-15T22:34:52.234Z [Modules] Streaming discord_spellcheck@1 to /home/ramin/.config/discord/0.0.25/modules/pending/discord_spellcheck-1.zip: 61%
2023-03-15T22:34:52.240Z [Modules] Streaming discord_spellcheck@1 to /home/ramin/.config/discord/0.0.25/modules/pending/discord_spellcheck-1.zip: 62%
2023-03-15T22:34:52.243Z [Modules] Streaming discord_spellcheck@1 to /home/ramin/.config/discord/0.0.25/modules/pending/discord_spellcheck-1.zip: 63%
2023-03-15T22:34:52.248Z [Modules] Streaming discord_spellcheck@1 to /home/ramin/.config/discord/0.0.25/modules/pending/discord_spellcheck-1.zip: 64%
2023-03-15T22:34:52.250Z [Modules] Streaming discord_spellcheck@1 to /home/ramin/.config/discord/0.0.25/modules/pending/discord_spellcheck-1.zip: 65%
2023-03-15T22:34:52.256Z [Modules] Streaming discord_spellcheck@1 to /home/ramin/.config/discord/0.0.25/modules/pending/discord_spellcheck-1.zip: 66%
2023-03-15T22:34:52.259Z [Modules] Streaming discord_spellcheck@1 to /home/ramin/.config/discord/0.0.25/modules/pending/discord_spellcheck-1.zip: 67%
2023-03-15T22:34:52.266Z [Modules] Streaming discord_spellcheck@1 to /home/ramin/.config/discord/0.0.25/modules/pending/discord_spellcheck-1.zip: 68%
2023-03-15T22:34:52.267Z [Modules] Streaming discord_spellcheck@1 to /home/ramin/.config/discord/0.0.25/modules/pending/discord_spellcheck-1.zip: 69%
2023-03-15T22:34:52.269Z [Modules] Streaming discord_spellcheck@1 to /home/ramin/.config/discord/0.0.25/modules/pending/discord_spellcheck-1.zip: 70%
2023-03-15T22:34:52.273Z [Modules] Streaming discord_spellcheck@1 to /home/ramin/.config/discord/0.0.25/modules/pending/discord_spellcheck-1.zip: 71%
2023-03-15T22:34:52.277Z [Modules] Streaming discord_spellcheck@1 to /home/ramin/.config/discord/0.0.25/modules/pending/discord_spellcheck-1.zip: 72%
2023-03-15T22:34:52.280Z [Modules] Streaming discord_spellcheck@1 to /home/ramin/.config/discord/0.0.25/modules/pending/discord_spellcheck-1.zip: 73%
2023-03-15T22:34:52.283Z [Modules] Streaming discord_spellcheck@1 to /home/ramin/.config/discord/0.0.25/modules/pending/discord_spellcheck-1.zip: 74%
2023-03-15T22:34:52.293Z [Modules] Streaming discord_spellcheck@1 to /home/ramin/.config/discord/0.0.25/modules/pending/discord_spellcheck-1.zip: 75%
2023-03-15T22:34:52.294Z [Modules] Streaming discord_spellcheck@1 to /home/ramin/.config/discord/0.0.25/modules/pending/discord_spellcheck-1.zip: 76%
2023-03-15T22:34:52.296Z [Modules] Streaming discord_spellcheck@1 to /home/ramin/.config/discord/0.0.25/modules/pending/discord_spellcheck-1.zip: 77%
2023-03-15T22:34:52.299Z [Modules] Streaming discord_spellcheck@1 to /home/ramin/.config/discord/0.0.25/modules/pending/discord_spellcheck-1.zip: 78%
2023-03-15T22:34:52.301Z [Modules] Streaming discord_spellcheck@1 to /home/ramin/.config/discord/0.0.25/modules/pending/discord_spellcheck-1.zip: 79%
2023-03-15T22:34:52.310Z [Modules] Streaming discord_spellcheck@1 to /home/ramin/.config/discord/0.0.25/modules/pending/discord_spellcheck-1.zip: 80%
2023-03-15T22:34:52.314Z [Modules] Streaming discord_spellcheck@1 to /home/ramin/.config/discord/0.0.25/modules/pending/discord_spellcheck-1.zip: 81%
2023-03-15T22:34:52.317Z [Modules] Streaming discord_spellcheck@1 to /home/ramin/.config/discord/0.0.25/modules/pending/discord_spellcheck-1.zip: 82%
2023-03-15T22:34:52.321Z [Modules] Streaming discord_spellcheck@1 to /home/ramin/.config/discord/0.0.25/modules/pending/discord_spellcheck-1.zip: 83%
2023-03-15T22:34:52.330Z [Modules] Streaming discord_spellcheck@1 to /home/ramin/.config/discord/0.0.25/modules/pending/discord_spellcheck-1.zip: 84%
2023-03-15T22:34:52.332Z [Modules] Streaming discord_spellcheck@1 to /home/ramin/.config/discord/0.0.25/modules/pending/discord_spellcheck-1.zip: 85%
2023-03-15T22:34:52.334Z [Modules] Streaming discord_spellcheck@1 to /home/ramin/.config/discord/0.0.25/modules/pending/discord_spellcheck-1.zip: 86%
2023-03-15T22:34:52.337Z [Modules] Streaming discord_spellcheck@1 to /home/ramin/.config/discord/0.0.25/modules/pending/discord_spellcheck-1.zip: 87%
2023-03-15T22:34:52.346Z [Modules] Streaming discord_spellcheck@1 to /home/ramin/.config/discord/0.0.25/modules/pending/discord_spellcheck-1.zip: 88%
2023-03-15T22:34:52.351Z [Modules] Streaming discord_spellcheck@1 to /home/ramin/.config/discord/0.0.25/modules/pending/discord_spellcheck-1.zip: 89%
2023-03-15T22:34:52.354Z [Modules] Streaming discord_spellcheck@1 to /home/ramin/.config/discord/0.0.25/modules/pending/discord_spellcheck-1.zip: 90%
2023-03-15T22:34:52.357Z [Modules] Streaming discord_spellcheck@1 to /home/ramin/.config/discord/0.0.25/modules/pending/discord_spellcheck-1.zip: 91%
2023-03-15T22:34:52.360Z [Modules] Streaming discord_spellcheck@1 to /home/ramin/.config/discord/0.0.25/modules/pending/discord_spellcheck-1.zip: 92%
2023-03-15T22:34:52.365Z [Modules] Streaming discord_spellcheck@1 to /home/ramin/.config/discord/0.0.25/modules/pending/discord_spellcheck-1.zip: 93%
2023-03-15T22:34:52.369Z [Modules] Streaming discord_spellcheck@1 to /home/ramin/.config/discord/0.0.25/modules/pending/discord_spellcheck-1.zip: 94%
2023-03-15T22:34:52.369Z [Modules] Streaming discord_spellcheck@1 to /home/ramin/.config/discord/0.0.25/modules/pending/discord_spellcheck-1.zip: 95%
2023-03-15T22:34:52.375Z [Modules] Streaming discord_spellcheck@1 to /home/ramin/.config/discord/0.0.25/modules/pending/discord_spellcheck-1.zip: 96%
2023-03-15T22:34:52.376Z [Modules] Streaming discord_spellcheck@1 to /home/ramin/.config/discord/0.0.25/modules/pending/discord_spellcheck-1.zip: 97%
2023-03-15T22:34:52.382Z [Modules] Streaming discord_spellcheck@1 to /home/ramin/.config/discord/0.0.25/modules/pending/discord_spellcheck-1.zip: 98%
2023-03-15T22:34:52.384Z [Modules] Streaming discord_spellcheck@1 to /home/ramin/.config/discord/0.0.25/modules/pending/discord_spellcheck-1.zip: 99%
2023-03-15T22:34:52.386Z [Modules] Streaming discord_spellcheck@1 to /home/ramin/.config/discord/0.0.25/modules/pending/discord_spellcheck-1.zip: 100%
2023-03-15T22:34:52.387Z [Modules] Fetching discord_utils@1 from https://discord.com/api/modules/stable/discord_utils/1
2023-03-15T22:34:52.387Z [Modules] Streaming discord_utils@1 to /home/ramin/.config/discord/0.0.25/modules/pending/discord_utils-1.zip
2023-03-15T22:34:52.565Z [Modules] Streaming discord_utils@1 to /home/ramin/.config/discord/0.0.25/modules/pending/discord_utils-1.zip: 2%
2023-03-15T22:34:52.566Z [Modules] Streaming discord_utils@1 to /home/ramin/.config/discord/0.0.25/modules/pending/discord_utils-1.zip: 5%
2023-03-15T22:34:52.572Z [Modules] Streaming discord_utils@1 to /home/ramin/.config/discord/0.0.25/modules/pending/discord_utils-1.zip: 7%
2023-03-15T22:34:52.573Z [Modules] Streaming discord_utils@1 to /home/ramin/.config/discord/0.0.25/modules/pending/discord_utils-1.zip: 8%
2023-03-15T22:34:52.588Z [Modules] Streaming discord_utils@1 to /home/ramin/.config/discord/0.0.25/modules/pending/discord_utils-1.zip: 10%
2023-03-15T22:34:52.588Z [Modules] Streaming discord_utils@1 to /home/ramin/.config/discord/0.0.25/modules/pending/discord_utils-1.zip: 11%
2023-03-15T22:34:52.589Z [Modules] Streaming discord_utils@1 to /home/ramin/.config/discord/0.0.25/modules/pending/discord_utils-1.zip: 13%
2023-03-15T22:34:52.593Z [Modules] Streaming discord_utils@1 to /home/ramin/.config/discord/0.0.25/modules/pending/discord_utils-1.zip: 15%
2023-03-15T22:34:52.594Z [Modules] Streaming discord_utils@1 to /home/ramin/.config/discord/0.0.25/modules/pending/discord_utils-1.zip: 16%
2023-03-15T22:34:52.604Z [Modules] Streaming discord_utils@1 to /home/ramin/.config/discord/0.0.25/modules/pending/discord_utils-1.zip: 17%
2023-03-15T22:34:52.604Z [Modules] Streaming discord_utils@1 to /home/ramin/.config/discord/0.0.25/modules/pending/discord_utils-1.zip: 21%
2023-03-15T22:34:52.607Z [Modules] Streaming discord_utils@1 to /home/ramin/.config/discord/0.0.25/modules/pending/discord_utils-1.zip: 23%
2023-03-15T22:34:52.608Z [Modules] Streaming discord_utils@1 to /home/ramin/.config/discord/0.0.25/modules/pending/discord_utils-1.zip: 25%
2023-03-15T22:34:52.613Z [Modules] Streaming discord_utils@1 to /home/ramin/.config/discord/0.0.25/modules/pending/discord_utils-1.zip: 27%
2023-03-15T22:34:52.613Z [Modules] Streaming discord_utils@1 to /home/ramin/.config/discord/0.0.25/modules/pending/discord_utils-1.zip: 28%
2023-03-15T22:34:52.615Z [Modules] Streaming discord_utils@1 to /home/ramin/.config/discord/0.0.25/modules/pending/discord_utils-1.zip: 30%
2023-03-15T22:34:52.625Z [Modules] Streaming discord_utils@1 to /home/ramin/.config/discord/0.0.25/modules/pending/discord_utils-1.zip: 33%
2023-03-15T22:34:52.626Z [Modules] Streaming discord_utils@1 to /home/ramin/.config/discord/0.0.25/modules/pending/discord_utils-1.zip: 34%
2023-03-15T22:34:52.626Z [Modules] Streaming discord_utils@1 to /home/ramin/.config/discord/0.0.25/modules/pending/discord_utils-1.zip: 37%
2023-03-15T22:34:52.630Z [Modules] Streaming discord_utils@1 to /home/ramin/.config/discord/0.0.25/modules/pending/discord_utils-1.zip: 40%
2023-03-15T22:34:52.632Z [Modules] Streaming discord_utils@1 to /home/ramin/.config/discord/0.0.25/modules/pending/discord_utils-1.zip: 42%
2023-03-15T22:34:52.636Z [Modules] Streaming discord_utils@1 to /home/ramin/.config/discord/0.0.25/modules/pending/discord_utils-1.zip: 44%
2023-03-15T22:34:52.638Z [Modules] Streaming discord_utils@1 to /home/ramin/.config/discord/0.0.25/modules/pending/discord_utils-1.zip: 47%
2023-03-15T22:34:52.640Z [Modules] Streaming discord_utils@1 to /home/ramin/.config/discord/0.0.25/modules/pending/discord_utils-1.zip: 49%
2023-03-15T22:34:52.642Z [Modules] Streaming discord_utils@1 to /home/ramin/.config/discord/0.0.25/modules/pending/discord_utils-1.zip: 51%
2023-03-15T22:34:52.647Z [Modules] Streaming discord_utils@1 to /home/ramin/.config/discord/0.0.25/modules/pending/discord_utils-1.zip: 52%
2023-03-15T22:34:52.647Z [Modules] Streaming discord_utils@1 to /home/ramin/.config/discord/0.0.25/modules/pending/discord_utils-1.zip: 53%
2023-03-15T22:34:52.650Z [Modules] Streaming discord_utils@1 to /home/ramin/.config/discord/0.0.25/modules/pending/discord_utils-1.zip: 55%
2023-03-15T22:34:52.651Z [Modules] Streaming discord_utils@1 to /home/ramin/.config/discord/0.0.25/modules/pending/discord_utils-1.zip: 56%
2023-03-15T22:34:52.654Z [Modules] Streaming discord_utils@1 to /home/ramin/.config/discord/0.0.25/modules/pending/discord_utils-1.zip: 58%
2023-03-15T22:34:52.654Z [Modules] Streaming discord_utils@1 to /home/ramin/.config/discord/0.0.25/modules/pending/discord_utils-1.zip: 59%
2023-03-15T22:34:52.658Z [Modules] Streaming discord_utils@1 to /home/ramin/.config/discord/0.0.25/modules/pending/discord_utils-1.zip: 61%
2023-03-15T22:34:52.662Z [Modules] Streaming discord_utils@1 to /home/ramin/.config/discord/0.0.25/modules/pending/discord_utils-1.zip: 62%
2023-03-15T22:34:52.669Z [Modules] Streaming discord_utils@1 to /home/ramin/.config/discord/0.0.25/modules/pending/discord_utils-1.zip: 64%
2023-03-15T22:34:52.669Z [Modules] Streaming discord_utils@1 to /home/ramin/.config/discord/0.0.25/modules/pending/discord_utils-1.zip: 67%
2023-03-15T22:34:52.671Z [Modules] Streaming discord_utils@1 to /home/ramin/.config/discord/0.0.25/modules/pending/discord_utils-1.zip: 69%
2023-03-15T22:34:52.677Z [Modules] Streaming discord_utils@1 to /home/ramin/.config/discord/0.0.25/modules/pending/discord_utils-1.zip: 71%
2023-03-15T22:34:52.678Z [Modules] Streaming discord_utils@1 to /home/ramin/.config/discord/0.0.25/modules/pending/discord_utils-1.zip: 73%
2023-03-15T22:34:52.681Z [Modules] Streaming discord_utils@1 to /home/ramin/.config/discord/0.0.25/modules/pending/discord_utils-1.zip: 75%
2023-03-15T22:34:52.683Z [Modules] Streaming discord_utils@1 to /home/ramin/.config/discord/0.0.25/modules/pending/discord_utils-1.zip: 78%
2023-03-15T22:34:52.683Z [Modules] Streaming discord_utils@1 to /home/ramin/.config/discord/0.0.25/modules/pending/discord_utils-1.zip: 79%
2023-03-15T22:34:52.694Z [Modules] Streaming discord_utils@1 to /home/ramin/.config/discord/0.0.25/modules/pending/discord_utils-1.zip: 81%
2023-03-15T22:34:52.694Z [Modules] Streaming discord_utils@1 to /home/ramin/.config/discord/0.0.25/modules/pending/discord_utils-1.zip: 83%
2023-03-15T22:34:52.700Z [Modules] Streaming discord_utils@1 to /home/ramin/.config/discord/0.0.25/modules/pending/discord_utils-1.zip: 86%
2023-03-15T22:34:52.700Z [Modules] Streaming discord_utils@1 to /home/ramin/.config/discord/0.0.25/modules/pending/discord_utils-1.zip: 87%
2023-03-15T22:34:52.704Z [Modules] Streaming discord_utils@1 to /home/ramin/.config/discord/0.0.25/modules/pending/discord_utils-1.zip: 89%
2023-03-15T22:34:52.705Z [Modules] Streaming discord_utils@1 to /home/ramin/.config/discord/0.0.25/modules/pending/discord_utils-1.zip: 92%
2023-03-15T22:34:52.708Z [Modules] Streaming discord_utils@1 to /home/ramin/.config/discord/0.0.25/modules/pending/discord_utils-1.zip: 94%
2023-03-15T22:34:52.708Z [Modules] Streaming discord_utils@1 to /home/ramin/.config/discord/0.0.25/modules/pending/discord_utils-1.zip: 95%
2023-03-15T22:34:52.709Z [Modules] Streaming discord_utils@1 to /home/ramin/.config/discord/0.0.25/modules/pending/discord_utils-1.zip: 97%
2023-03-15T22:34:52.716Z [Modules] Streaming discord_utils@1 to /home/ramin/.config/discord/0.0.25/modules/pending/discord_utils-1.zip: 99%
2023-03-15T22:34:52.717Z [Modules] Streaming discord_utils@1 to /home/ramin/.config/discord/0.0.25/modules/pending/discord_utils-1.zip: 100%
2023-03-15T22:34:52.717Z [Modules] Fetching discord_voice@1 from https://discord.com/api/modules/stable/discord_voice/1
2023-03-15T22:34:52.718Z [Modules] Streaming discord_voice@1 to /home/ramin/.config/discord/0.0.25/modules/pending/discord_voice-1.zip
2023-03-15T22:34:52.910Z [Modules] Streaming discord_voice@1 to /home/ramin/.config/discord/0.0.25/modules/pending/discord_voice-1.zip: 1%
2023-03-15T22:34:52.920Z [Modules] Streaming discord_voice@1 to /home/ramin/.config/discord/0.0.25/modules/pending/discord_voice-1.zip: 2%
2023-03-15T22:34:52.930Z [Modules] Streaming discord_voice@1 to /home/ramin/.config/discord/0.0.25/modules/pending/discord_voice-1.zip: 3%
2023-03-15T22:34:52.932Z [Modules] Streaming discord_voice@1 to /home/ramin/.config/discord/0.0.25/modules/pending/discord_voice-1.zip: 4%
2023-03-15T22:34:52.941Z [Modules] Streaming discord_voice@1 to /home/ramin/.config/discord/0.0.25/modules/pending/discord_voice-1.zip: 5%
2023-03-15T22:34:52.957Z [Modules] Streaming discord_voice@1 to /home/ramin/.config/discord/0.0.25/modules/pending/discord_voice-1.zip: 6%
2023-03-15T22:34:52.964Z [Modules] Streaming discord_voice@1 to /home/ramin/.config/discord/0.0.25/modules/pending/discord_voice-1.zip: 7%
2023-03-15T22:34:52.976Z [Modules] Streaming discord_voice@1 to /home/ramin/.config/discord/0.0.25/modules/pending/discord_voice-1.zip: 8%
2023-03-15T22:34:52.984Z [Modules] Streaming discord_voice@1 to /home/ramin/.config/discord/0.0.25/modules/pending/discord_voice-1.zip: 9%
2023-03-15T22:34:52.989Z [Modules] Streaming discord_voice@1 to /home/ramin/.config/discord/0.0.25/modules/pending/discord_voice-1.zip: 10%
2023-03-15T22:34:52.996Z [Modules] Streaming discord_voice@1 to /home/ramin/.config/discord/0.0.25/modules/pending/discord_voice-1.zip: 11%
2023-03-15T22:34:53.001Z [Modules] Streaming discord_voice@1 to /home/ramin/.config/discord/0.0.25/modules/pending/discord_voice-1.zip: 12%
2023-03-15T22:34:53.011Z [Modules] Streaming discord_voice@1 to /home/ramin/.config/discord/0.0.25/modules/pending/discord_voice-1.zip: 13%
2023-03-15T22:34:53.017Z [Modules] Streaming discord_voice@1 to /home/ramin/.config/discord/0.0.25/modules/pending/discord_voice-1.zip: 14%
2023-03-15T22:34:53.026Z [Modules] Streaming discord_voice@1 to /home/ramin/.config/discord/0.0.25/modules/pending/discord_voice-1.zip: 15%
2023-03-15T22:34:53.028Z [Modules] Streaming discord_voice@1 to /home/ramin/.config/discord/0.0.25/modules/pending/discord_voice-1.zip: 16%
2023-03-15T22:34:53.037Z [Modules] Streaming discord_voice@1 to /home/ramin/.config/discord/0.0.25/modules/pending/discord_voice-1.zip: 17%
2023-03-15T22:34:53.040Z [Modules] Streaming discord_voice@1 to /home/ramin/.config/discord/0.0.25/modules/pending/discord_voice-1.zip: 18%
2023-03-15T22:34:53.048Z [Modules] Streaming discord_voice@1 to /home/ramin/.config/discord/0.0.25/modules/pending/discord_voice-1.zip: 19%
2023-03-15T22:34:53.053Z [Modules] Streaming discord_voice@1 to /home/ramin/.config/discord/0.0.25/modules/pending/discord_voice-1.zip: 20%
2023-03-15T22:34:53.060Z [Modules] Streaming discord_voice@1 to /home/ramin/.config/discord/0.0.25/modules/pending/discord_voice-1.zip: 21%
2023-03-15T22:34:53.066Z [Modules] Streaming discord_voice@1 to /home/ramin/.config/discord/0.0.25/modules/pending/discord_voice-1.zip: 22%
2023-03-15T22:34:53.076Z [Modules] Streaming discord_voice@1 to /home/ramin/.config/discord/0.0.25/modules/pending/discord_voice-1.zip: 23%
2023-03-15T22:34:53.085Z [Modules] Streaming discord_voice@1 to /home/ramin/.config/discord/0.0.25/modules/pending/discord_voice-1.zip: 24%
2023-03-15T22:34:53.088Z [Modules] Streaming discord_voice@1 to /home/ramin/.config/discord/0.0.25/modules/pending/discord_voice-1.zip: 25%
2023-03-15T22:34:53.097Z [Modules] Streaming discord_voice@1 to /home/ramin/.config/discord/0.0.25/modules/pending/discord_voice-1.zip: 26%
2023-03-15T22:34:53.102Z [Modules] Streaming discord_voice@1 to /home/ramin/.config/discord/0.0.25/modules/pending/discord_voice-1.zip: 27%
2023-03-15T22:34:53.108Z [Modules] Streaming discord_voice@1 to /home/ramin/.config/discord/0.0.25/modules/pending/discord_voice-1.zip: 28%
2023-03-15T22:34:53.116Z [Modules] Streaming discord_voice@1 to /home/ramin/.config/discord/0.0.25/modules/pending/discord_voice-1.zip: 29%
2023-03-15T22:34:53.129Z [Modules] Streaming discord_voice@1 to /home/ramin/.config/discord/0.0.25/modules/pending/discord_voice-1.zip: 30%
2023-03-15T22:34:53.138Z [Modules] Streaming discord_voice@1 to /home/ramin/.config/discord/0.0.25/modules/pending/discord_voice-1.zip: 31%
2023-03-15T22:34:53.141Z [Modules] Streaming discord_voice@1 to /home/ramin/.config/discord/0.0.25/modules/pending/discord_voice-1.zip: 32%
2023-03-15T22:34:53.152Z [Modules] Streaming discord_voice@1 to /home/ramin/.config/discord/0.0.25/modules/pending/discord_voice-1.zip: 33%
2023-03-15T22:34:53.156Z [Modules] Streaming discord_voice@1 to /home/ramin/.config/discord/0.0.25/modules/pending/discord_voice-1.zip: 34%
2023-03-15T22:34:53.168Z [Modules] Streaming discord_voice@1 to /home/ramin/.config/discord/0.0.25/modules/pending/discord_voice-1.zip: 35%
2023-03-15T22:34:53.175Z [Modules] Streaming discord_voice@1 to /home/ramin/.config/discord/0.0.25/modules/pending/discord_voice-1.zip: 36%
2023-03-15T22:34:53.181Z [Modules] Streaming discord_voice@1 to /home/ramin/.config/discord/0.0.25/modules/pending/discord_voice-1.zip: 37%
2023-03-15T22:34:53.188Z [Modules] Streaming discord_voice@1 to /home/ramin/.config/discord/0.0.25/modules/pending/discord_voice-1.zip: 38%
2023-03-15T22:34:53.193Z [Modules] Streaming discord_voice@1 to /home/ramin/.config/discord/0.0.25/modules/pending/discord_voice-1.zip: 39%
2023-03-15T22:34:53.196Z [Modules] Streaming discord_voice@1 to /home/ramin/.config/discord/0.0.25/modules/pending/discord_voice-1.zip: 40%
2023-03-15T22:34:53.205Z [Modules] Streaming discord_voice@1 to /home/ramin/.config/discord/0.0.25/modules/pending/discord_voice-1.zip: 41%
2023-03-15T22:34:53.213Z [Modules] Streaming discord_voice@1 to /home/ramin/.config/discord/0.0.25/modules/pending/discord_voice-1.zip: 42%
2023-03-15T22:34:53.218Z [Modules] Streaming discord_voice@1 to /home/ramin/.config/discord/0.0.25/modules/pending/discord_voice-1.zip: 43%
2023-03-15T22:34:53.222Z [Modules] Streaming discord_voice@1 to /home/ramin/.config/discord/0.0.25/modules/pending/discord_voice-1.zip: 44%
2023-03-15T22:34:53.231Z [Modules] Streaming discord_voice@1 to /home/ramin/.config/discord/0.0.25/modules/pending/discord_voice-1.zip: 45%
2023-03-15T22:34:53.237Z [Modules] Streaming discord_voice@1 to /home/ramin/.config/discord/0.0.25/modules/pending/discord_voice-1.zip: 46%
2023-03-15T22:34:53.242Z [Modules] Streaming discord_voice@1 to /home/ramin/.config/discord/0.0.25/modules/pending/discord_voice-1.zip: 47%
2023-03-15T22:34:53.254Z [Modules] Streaming discord_voice@1 to /home/ramin/.config/discord/0.0.25/modules/pending/discord_voice-1.zip: 48%
2023-03-15T22:34:53.259Z [Modules] Streaming discord_voice@1 to /home/ramin/.config/discord/0.0.25/modules/pending/discord_voice-1.zip: 49%
2023-03-15T22:34:53.267Z [Modules] Streaming discord_voice@1 to /home/ramin/.config/discord/0.0.25/modules/pending/discord_voice-1.zip: 50%
2023-03-15T22:34:53.271Z [Modules] Streaming discord_voice@1 to /home/ramin/.config/discord/0.0.25/modules/pending/discord_voice-1.zip: 51%
2023-03-15T22:34:53.283Z [Modules] Streaming discord_voice@1 to /home/ramin/.config/discord/0.0.25/modules/pending/discord_voice-1.zip: 52%
2023-03-15T22:34:53.291Z [Modules] Streaming discord_voice@1 to /home/ramin/.config/discord/0.0.25/modules/pending/discord_voice-1.zip: 53%
2023-03-15T22:34:53.297Z [Modules] Streaming discord_voice@1 to /home/ramin/.config/discord/0.0.25/modules/pending/discord_voice-1.zip: 54%
2023-03-15T22:34:53.305Z [Modules] Streaming discord_voice@1 to /home/ramin/.config/discord/0.0.25/modules/pending/discord_voice-1.zip: 55%
2023-03-15T22:34:53.315Z [Modules] Streaming discord_voice@1 to /home/ramin/.config/discord/0.0.25/modules/pending/discord_voice-1.zip: 56%
2023-03-15T22:34:53.323Z [Modules] Streaming discord_voice@1 to /home/ramin/.config/discord/0.0.25/modules/pending/discord_voice-1.zip: 57%
2023-03-15T22:34:53.332Z [Modules] Streaming discord_voice@1 to /home/ramin/.config/discord/0.0.25/modules/pending/discord_voice-1.zip: 58%
2023-03-15T22:34:53.335Z [Modules] Streaming discord_voice@1 to /home/ramin/.config/discord/0.0.25/modules/pending/discord_voice-1.zip: 59%
2023-03-15T22:34:53.345Z [Modules] Streaming discord_voice@1 to /home/ramin/.config/discord/0.0.25/modules/pending/discord_voice-1.zip: 60%
2023-03-15T22:34:53.356Z [Modules] Streaming discord_voice@1 to /home/ramin/.config/discord/0.0.25/modules/pending/discord_voice-1.zip: 61%
2023-03-15T22:34:53.360Z [Modules] Streaming discord_voice@1 to /home/ramin/.config/discord/0.0.25/modules/pending/discord_voice-1.zip: 62%
2023-03-15T22:34:53.371Z [Modules] Streaming discord_voice@1 to /home/ramin/.config/discord/0.0.25/modules/pending/discord_voice-1.zip: 63%
2023-03-15T22:34:53.376Z [Modules] Streaming discord_voice@1 to /home/ramin/.config/discord/0.0.25/modules/pending/discord_voice-1.zip: 64%
2023-03-15T22:34:53.387Z [Modules] Streaming discord_voice@1 to /home/ramin/.config/discord/0.0.25/modules/pending/discord_voice-1.zip: 65%
2023-03-15T22:34:53.395Z [Modules] Streaming discord_voice@1 to /home/ramin/.config/discord/0.0.25/modules/pending/discord_voice-1.zip: 66%
2023-03-15T22:34:53.402Z [Modules] Streaming discord_voice@1 to /home/ramin/.config/discord/0.0.25/modules/pending/discord_voice-1.zip: 67%
2023-03-15T22:34:53.409Z [Modules] Streaming discord_voice@1 to /home/ramin/.config/discord/0.0.25/modules/pending/discord_voice-1.zip: 68%
2023-03-15T22:34:53.421Z [Modules] Streaming discord_voice@1 to /home/ramin/.config/discord/0.0.25/modules/pending/discord_voice-1.zip: 69%
2023-03-15T22:34:53.425Z [Modules] Streaming discord_voice@1 to /home/ramin/.config/discord/0.0.25/modules/pending/discord_voice-1.zip: 70%
2023-03-15T22:34:53.434Z [Modules] Streaming discord_voice@1 to /home/ramin/.config/discord/0.0.25/modules/pending/discord_voice-1.zip: 71%
2023-03-15T22:34:53.439Z [Modules] Streaming discord_voice@1 to /home/ramin/.config/discord/0.0.25/modules/pending/discord_voice-1.zip: 72%
2023-03-15T22:34:53.448Z [Modules] Streaming discord_voice@1 to /home/ramin/.config/discord/0.0.25/modules/pending/discord_voice-1.zip: 73%
2023-03-15T22:34:53.456Z [Modules] Streaming discord_voice@1 to /home/ramin/.config/discord/0.0.25/modules/pending/discord_voice-1.zip: 74%
2023-03-15T22:34:53.459Z [Modules] Streaming discord_voice@1 to /home/ramin/.config/discord/0.0.25/modules/pending/discord_voice-1.zip: 75%
2023-03-15T22:34:53.466Z [Modules] Streaming discord_voice@1 to /home/ramin/.config/discord/0.0.25/modules/pending/discord_voice-1.zip: 76%
2023-03-15T22:34:53.471Z [Modules] Streaming discord_voice@1 to /home/ramin/.config/discord/0.0.25/modules/pending/discord_voice-1.zip: 77%
2023-03-15T22:34:53.478Z [Modules] Streaming discord_voice@1 to /home/ramin/.config/discord/0.0.25/modules/pending/discord_voice-1.zip: 78%
2023-03-15T22:34:53.488Z [Modules] Streaming discord_voice@1 to /home/ramin/.config/discord/0.0.25/modules/pending/discord_voice-1.zip: 79%
2023-03-15T22:34:53.496Z [Modules] Streaming discord_voice@1 to /home/ramin/.config/discord/0.0.25/modules/pending/discord_voice-1.zip: 80%
2023-03-15T22:34:53.509Z [Modules] Streaming discord_voice@1 to /home/ramin/.config/discord/0.0.25/modules/pending/discord_voice-1.zip: 81%
2023-03-15T22:34:53.524Z [Modules] Streaming discord_voice@1 to /home/ramin/.config/discord/0.0.25/modules/pending/discord_voice-1.zip: 82%
2023-03-15T22:34:53.535Z [Modules] Streaming discord_voice@1 to /home/ramin/.config/discord/0.0.25/modules/pending/discord_voice-1.zip: 83%
2023-03-15T22:34:53.564Z [Modules] Streaming discord_voice@1 to /home/ramin/.config/discord/0.0.25/modules/pending/discord_voice-1.zip: 84%
2023-03-15T22:34:53.576Z [Modules] Streaming discord_voice@1 to /home/ramin/.config/discord/0.0.25/modules/pending/discord_voice-1.zip: 85%
2023-03-15T22:34:53.588Z [Modules] Streaming discord_voice@1 to /home/ramin/.config/discord/0.0.25/modules/pending/discord_voice-1.zip: 86%
2023-03-15T22:34:53.599Z [Modules] Streaming discord_voice@1 to /home/ramin/.config/discord/0.0.25/modules/pending/discord_voice-1.zip: 87%
2023-03-15T22:34:53.608Z [Modules] Streaming discord_voice@1 to /home/ramin/.config/discord/0.0.25/modules/pending/discord_voice-1.zip: 88%
2023-03-15T22:34:53.615Z [Modules] Streaming discord_voice@1 to /home/ramin/.config/discord/0.0.25/modules/pending/discord_voice-1.zip: 89%
2023-03-15T22:34:53.626Z [Modules] Streaming discord_voice@1 to /home/ramin/.config/discord/0.0.25/modules/pending/discord_voice-1.zip: 90%
2023-03-15T22:34:53.642Z [Modules] Streaming discord_voice@1 to /home/ramin/.config/discord/0.0.25/modules/pending/discord_voice-1.zip: 91%
2023-03-15T22:34:53.660Z [Modules] Streaming discord_voice@1 to /home/ramin/.config/discord/0.0.25/modules/pending/discord_voice-1.zip: 92%
2023-03-15T22:34:53.665Z [Modules] Streaming discord_voice@1 to /home/ramin/.config/discord/0.0.25/modules/pending/discord_voice-1.zip: 93%
2023-03-15T22:34:53.669Z [Modules] Streaming discord_voice@1 to /home/ramin/.config/discord/0.0.25/modules/pending/discord_voice-1.zip: 94%
2023-03-15T22:34:53.681Z [Modules] Streaming discord_voice@1 to /home/ramin/.config/discord/0.0.25/modules/pending/discord_voice-1.zip: 95%
2023-03-15T22:34:53.686Z [Modules] Streaming discord_voice@1 to /home/ramin/.config/discord/0.0.25/modules/pending/discord_voice-1.zip: 96%
2023-03-15T22:34:53.696Z [Modules] Streaming discord_voice@1 to /home/ramin/.config/discord/0.0.25/modules/pending/discord_voice-1.zip: 97%
2023-03-15T22:34:53.702Z [Modules] Streaming discord_voice@1 to /home/ramin/.config/discord/0.0.25/modules/pending/discord_voice-1.zip: 98%
2023-03-15T22:34:53.711Z [Modules] Streaming discord_voice@1 to /home/ramin/.config/discord/0.0.25/modules/pending/discord_voice-1.zip: 99%
2023-03-15T22:34:53.719Z [Modules] Streaming discord_voice@1 to /home/ramin/.config/discord/0.0.25/modules/pending/discord_voice-1.zip: 100%
2023-03-15T22:34:53.719Z [Modules] Finished module downloads. [success: 5] [failure: 0]
2023-03-15T22:34:53.720Z [Modules] Installing updates...
2023-03-15T22:34:53.720Z [Modules] Installing discord_desktop_core@1 from /home/ramin/.config/discord/0.0.25/modules/pending/discord_desktop_core-1.zip
2023-03-15T22:34:53.804Z [Modules] Installing discord_erlpack@1 from /home/ramin/.config/discord/0.0.25/modules/pending/discord_erlpack-1.zip
2023-03-15T22:34:53.876Z [Modules] Installing discord_spellcheck@1 from /home/ramin/.config/discord/0.0.25/modules/pending/discord_spellcheck-1.zip
2023-03-15T22:34:54.623Z [Modules] Installing discord_utils@1 from /home/ramin/.config/discord/0.0.25/modules/pending/discord_utils-1.zip
2023-03-15T22:34:55.057Z [Modules] Installing discord_voice@1 from /home/ramin/.config/discord/0.0.25/modules/pending/discord_voice-1.zip
2023-03-15T22:34:55.769Z [Modules] Finished module installations. [success: 5] [failure: 0]
2023-03-15T22:34:55.769Z [Modules] Checking for host updates.
2023-03-15T22:34:55.934Z [Modules] Host is up to date.
2023-03-15T22:34:55.934Z [Modules] Checking for module updates at https://discord.com/api/modules/stable/versions.json
2023-03-15T22:34:55.936Z [Modules] No module updates available.
2023-03-15T22:34:57.284Z [Modules] Starting to install discord_krisp...
2023-03-15T22:34:57.284Z [Modules] Fetching discord_krisp@1 from https://discord.com/api/modules/stable/discord_krisp/1
2023-03-15T22:34:57.284Z [Modules] Streaming discord_krisp@1 to /home/ramin/.config/discord/0.0.25/modules/pending/discord_krisp-1.zip
2023-03-15T22:34:57.390Z [Modules] Starting to install discord_game_utils...
2023-03-15T22:34:57.465Z [Modules] Streaming discord_krisp@1 to /home/ramin/.config/discord/0.0.25/modules/pending/discord_krisp-1.zip: 1%
2023-03-15T22:34:57.472Z [Modules] Streaming discord_krisp@1 to /home/ramin/.config/discord/0.0.25/modules/pending/discord_krisp-1.zip: 2%
2023-03-15T22:34:57.490Z [Modules] Streaming discord_krisp@1 to /home/ramin/.config/discord/0.0.25/modules/pending/discord_krisp-1.zip: 3%
2023-03-15T22:34:57.505Z [Modules] Streaming discord_krisp@1 to /home/ramin/.config/discord/0.0.25/modules/pending/discord_krisp-1.zip: 4%
2023-03-15T22:34:57.515Z [Modules] Streaming discord_krisp@1 to /home/ramin/.config/discord/0.0.25/modules/pending/discord_krisp-1.zip: 5%
2023-03-15T22:34:57.519Z [Modules] Streaming discord_krisp@1 to /home/ramin/.config/discord/0.0.25/modules/pending/discord_krisp-1.zip: 6%
2023-03-15T22:34:57.544Z [Modules] Streaming discord_krisp@1 to /home/ramin/.config/discord/0.0.25/modules/pending/discord_krisp-1.zip: 7%
2023-03-15T22:34:57.546Z [Modules] Streaming discord_krisp@1 to /home/ramin/.config/discord/0.0.25/modules/pending/discord_krisp-1.zip: 8%
2023-03-15T22:34:57.560Z [Modules] Streaming discord_krisp@1 to /home/ramin/.config/discord/0.0.25/modules/pending/discord_krisp-1.zip: 9%
2023-03-15T22:34:57.565Z [Modules] Streaming discord_krisp@1 to /home/ramin/.config/discord/0.0.25/modules/pending/discord_krisp-1.zip: 10%
2023-03-15T22:34:57.574Z [Modules] Streaming discord_krisp@1 to /home/ramin/.config/discord/0.0.25/modules/pending/discord_krisp-1.zip: 11%
2023-03-15T22:34:57.585Z [Modules] Streaming discord_krisp@1 to /home/ramin/.config/discord/0.0.25/modules/pending/discord_krisp-1.zip: 12%
2023-03-15T22:34:57.605Z [Modules] Streaming discord_krisp@1 to /home/ramin/.config/discord/0.0.25/modules/pending/discord_krisp-1.zip: 13%
2023-03-15T22:34:57.609Z [Modules] Streaming discord_krisp@1 to /home/ramin/.config/discord/0.0.25/modules/pending/discord_krisp-1.zip: 14%
2023-03-15T22:34:57.619Z [Modules] Streaming discord_krisp@1 to /home/ramin/.config/discord/0.0.25/modules/pending/discord_krisp-1.zip: 15%
2023-03-15T22:34:57.627Z [Modules] Streaming discord_krisp@1 to /home/ramin/.config/discord/0.0.25/modules/pending/discord_krisp-1.zip: 16%
2023-03-15T22:34:57.638Z [Modules] Streaming discord_krisp@1 to /home/ramin/.config/discord/0.0.25/modules/pending/discord_krisp-1.zip: 17%
2023-03-15T22:34:57.648Z [Modules] Streaming discord_krisp@1 to /home/ramin/.config/discord/0.0.25/modules/pending/discord_krisp-1.zip: 18%
2023-03-15T22:34:57.662Z [Modules] Streaming discord_krisp@1 to /home/ramin/.config/discord/0.0.25/modules/pending/discord_krisp-1.zip: 19%
2023-03-15T22:34:57.675Z [Modules] Streaming discord_krisp@1 to /home/ramin/.config/discord/0.0.25/modules/pending/discord_krisp-1.zip: 20%
2023-03-15T22:34:57.690Z [Modules] Streaming discord_krisp@1 to /home/ramin/.config/discord/0.0.25/modules/pending/discord_krisp-1.zip: 21%
2023-03-15T22:34:57.698Z [Modules] Streaming discord_krisp@1 to /home/ramin/.config/discord/0.0.25/modules/pending/discord_krisp-1.zip: 22%
2023-03-15T22:34:57.710Z [Modules] Streaming discord_krisp@1 to /home/ramin/.config/discord/0.0.25/modules/pending/discord_krisp-1.zip: 23%
2023-03-15T22:34:57.721Z [Modules] Streaming discord_krisp@1 to /home/ramin/.config/discord/0.0.25/modules/pending/discord_krisp-1.zip: 24%
2023-03-15T22:34:57.737Z [Modules] Streaming discord_krisp@1 to /home/ramin/.config/discord/0.0.25/modules/pending/discord_krisp-1.zip: 25%
2023-03-15T22:34:57.744Z [Modules] Streaming discord_krisp@1 to /home/ramin/.config/discord/0.0.25/modules/pending/discord_krisp-1.zip: 26%
2023-03-15T22:34:57.767Z [Modules] Streaming discord_krisp@1 to /home/ramin/.config/discord/0.0.25/modules/pending/discord_krisp-1.zip: 27%
2023-03-15T22:34:57.773Z [Modules] Streaming discord_krisp@1 to /home/ramin/.config/discord/0.0.25/modules/pending/discord_krisp-1.zip: 28%
2023-03-15T22:34:57.863Z [Modules] Streaming discord_krisp@1 to /home/ramin/.config/discord/0.0.25/modules/pending/discord_krisp-1.zip: 29%
2023-03-15T22:34:57.867Z [Modules] Streaming discord_krisp@1 to /home/ramin/.config/discord/0.0.25/modules/pending/discord_krisp-1.zip: 30%
2023-03-15T22:34:57.870Z [Modules] Streaming discord_krisp@1 to /home/ramin/.config/discord/0.0.25/modules/pending/discord_krisp-1.zip: 31%
2023-03-15T22:34:57.873Z [Modules] Streaming discord_krisp@1 to /home/ramin/.config/discord/0.0.25/modules/pending/discord_krisp-1.zip: 32%
2023-03-15T22:34:57.874Z [Modules] Streaming discord_krisp@1 to /home/ramin/.config/discord/0.0.25/modules/pending/discord_krisp-1.zip: 33%
2023-03-15T22:34:57.874Z [Modules] Streaming discord_krisp@1 to /home/ramin/.config/discord/0.0.25/modules/pending/discord_krisp-1.zip: 34%
2023-03-15T22:34:57.875Z [Modules] Streaming discord_krisp@1 to /home/ramin/.config/discord/0.0.25/modules/pending/discord_krisp-1.zip: 35%
2023-03-15T22:34:57.876Z [Modules] Streaming discord_krisp@1 to /home/ramin/.config/discord/0.0.25/modules/pending/discord_krisp-1.zip: 36%
2023-03-15T22:34:57.883Z [Modules] Streaming discord_krisp@1 to /home/ramin/.config/discord/0.0.25/modules/pending/discord_krisp-1.zip: 37%
2023-03-15T22:34:57.892Z [Modules] Streaming discord_krisp@1 to /home/ramin/.config/discord/0.0.25/modules/pending/discord_krisp-1.zip: 38%
2023-03-15T22:34:57.907Z [Modules] Streaming discord_krisp@1 to /home/ramin/.config/discord/0.0.25/modules/pending/discord_krisp-1.zip: 39%
2023-03-15T22:34:57.914Z [Modules] Streaming discord_krisp@1 to /home/ramin/.config/discord/0.0.25/modules/pending/discord_krisp-1.zip: 40%
2023-03-15T22:34:57.917Z [Modules] Streaming discord_krisp@1 to /home/ramin/.config/discord/0.0.25/modules/pending/discord_krisp-1.zip: 41%
2023-03-15T22:34:57.925Z [Modules] Streaming discord_krisp@1 to /home/ramin/.config/discord/0.0.25/modules/pending/discord_krisp-1.zip: 42%
2023-03-15T22:34:57.935Z [Modules] Streaming discord_krisp@1 to /home/ramin/.config/discord/0.0.25/modules/pending/discord_krisp-1.zip: 43%
2023-03-15T22:34:57.950Z [Modules] Streaming discord_krisp@1 to /home/ramin/.config/discord/0.0.25/modules/pending/discord_krisp-1.zip: 44%
2023-03-15T22:34:57.962Z [Modules] Streaming discord_krisp@1 to /home/ramin/.config/discord/0.0.25/modules/pending/discord_krisp-1.zip: 45%
2023-03-15T22:34:57.970Z [Modules] Streaming discord_krisp@1 to /home/ramin/.config/discord/0.0.25/modules/pending/discord_krisp-1.zip: 46%
2023-03-15T22:34:57.984Z [Modules] Streaming discord_krisp@1 to /home/ramin/.config/discord/0.0.25/modules/pending/discord_krisp-1.zip: 47%
2023-03-15T22:34:57.997Z [Modules] Streaming discord_krisp@1 to /home/ramin/.config/discord/0.0.25/modules/pending/discord_krisp-1.zip: 48%
2023-03-15T22:34:58.012Z [Modules] Streaming discord_krisp@1 to /home/ramin/.config/discord/0.0.25/modules/pending/discord_krisp-1.zip: 49%
2023-03-15T22:34:58.021Z [Modules] Streaming discord_krisp@1 to /home/ramin/.config/discord/0.0.25/modules/pending/discord_krisp-1.zip: 50%
2023-03-15T22:34:58.031Z [Modules] Streaming discord_krisp@1 to /home/ramin/.config/discord/0.0.25/modules/pending/discord_krisp-1.zip: 51%
2023-03-15T22:34:58.054Z [Modules] Streaming discord_krisp@1 to /home/ramin/.config/discord/0.0.25/modules/pending/discord_krisp-1.zip: 52%
2023-03-15T22:34:58.069Z [Modules] Streaming discord_krisp@1 to /home/ramin/.config/discord/0.0.25/modules/pending/discord_krisp-1.zip: 53%
2023-03-15T22:34:58.074Z [Modules] Streaming discord_krisp@1 to /home/ramin/.config/discord/0.0.25/modules/pending/discord_krisp-1.zip: 54%
2023-03-15T22:34:58.088Z [Modules] Streaming discord_krisp@1 to /home/ramin/.config/discord/0.0.25/modules/pending/discord_krisp-1.zip: 55%
2023-03-15T22:34:58.103Z [Modules] Streaming discord_krisp@1 to /home/ramin/.config/discord/0.0.25/modules/pending/discord_krisp-1.zip: 56%
2023-03-15T22:34:58.113Z [Modules] Streaming discord_krisp@1 to /home/ramin/.config/discord/0.0.25/modules/pending/discord_krisp-1.zip: 57%
2023-03-15T22:34:58.125Z [Modules] Streaming discord_krisp@1 to /home/ramin/.config/discord/0.0.25/modules/pending/discord_krisp-1.zip: 58%
2023-03-15T22:34:58.133Z [Modules] Streaming discord_krisp@1 to /home/ramin/.config/discord/0.0.25/modules/pending/discord_krisp-1.zip: 59%
2023-03-15T22:34:58.145Z [Modules] Streaming discord_krisp@1 to /home/ramin/.config/discord/0.0.25/modules/pending/discord_krisp-1.zip: 60%
2023-03-15T22:34:58.157Z [Modules] Streaming discord_krisp@1 to /home/ramin/.config/discord/0.0.25/modules/pending/discord_krisp-1.zip: 61%
2023-03-15T22:34:58.180Z [Modules] Streaming discord_krisp@1 to /home/ramin/.config/discord/0.0.25/modules/pending/discord_krisp-1.zip: 62%
2023-03-15T22:34:58.184Z [Modules] Streaming discord_krisp@1 to /home/ramin/.config/discord/0.0.25/modules/pending/discord_krisp-1.zip: 63%
2023-03-15T22:34:58.202Z [Modules] Streaming discord_krisp@1 to /home/ramin/.config/discord/0.0.25/modules/pending/discord_krisp-1.zip: 64%
2023-03-15T22:34:58.216Z [Modules] Streaming discord_krisp@1 to /home/ramin/.config/discord/0.0.25/modules/pending/discord_krisp-1.zip: 65%
2023-03-15T22:34:58.228Z [Modules] Streaming discord_krisp@1 to /home/ramin/.config/discord/0.0.25/modules/pending/discord_krisp-1.zip: 66%
2023-03-15T22:34:58.247Z [Modules] Streaming discord_krisp@1 to /home/ramin/.config/discord/0.0.25/modules/pending/discord_krisp-1.zip: 67%
2023-03-15T22:34:58.269Z [Modules] Streaming discord_krisp@1 to /home/ramin/.config/discord/0.0.25/modules/pending/discord_krisp-1.zip: 68%
2023-03-15T22:34:58.285Z [Modules] Streaming discord_krisp@1 to /home/ramin/.config/discord/0.0.25/modules/pending/discord_krisp-1.zip: 69%
2023-03-15T22:34:58.298Z [Modules] Streaming discord_krisp@1 to /home/ramin/.config/discord/0.0.25/modules/pending/discord_krisp-1.zip: 70%
2023-03-15T22:34:58.306Z [Modules] Streaming discord_krisp@1 to /home/ramin/.config/discord/0.0.25/modules/pending/discord_krisp-1.zip: 71%
2023-03-15T22:34:58.318Z [Modules] Streaming discord_krisp@1 to /home/ramin/.config/discord/0.0.25/modules/pending/discord_krisp-1.zip: 72%
2023-03-15T22:34:58.327Z [Modules] Streaming discord_krisp@1 to /home/ramin/.config/discord/0.0.25/modules/pending/discord_krisp-1.zip: 73%
2023-03-15T22:34:58.342Z [Modules] Streaming discord_krisp@1 to /home/ramin/.config/discord/0.0.25/modules/pending/discord_krisp-1.zip: 74%
2023-03-15T22:34:58.348Z [Modules] Streaming discord_krisp@1 to /home/ramin/.config/discord/0.0.25/modules/pending/discord_krisp-1.zip: 75%
2023-03-15T22:34:58.357Z [Modules] Streaming discord_krisp@1 to /home/ramin/.config/discord/0.0.25/modules/pending/discord_krisp-1.zip: 76%
2023-03-15T22:34:58.374Z [Modules] Streaming discord_krisp@1 to /home/ramin/.config/discord/0.0.25/modules/pending/discord_krisp-1.zip: 77%
2023-03-15T22:34:58.385Z [Modules] Streaming discord_krisp@1 to /home/ramin/.config/discord/0.0.25/modules/pending/discord_krisp-1.zip: 78%
2023-03-15T22:34:58.395Z [Modules] Streaming discord_krisp@1 to /home/ramin/.config/discord/0.0.25/modules/pending/discord_krisp-1.zip: 79%
2023-03-15T22:34:58.410Z [Modules] Streaming discord_krisp@1 to /home/ramin/.config/discord/0.0.25/modules/pending/discord_krisp-1.zip: 80%
2023-03-15T22:34:58.420Z [Modules] Streaming discord_krisp@1 to /home/ramin/.config/discord/0.0.25/modules/pending/discord_krisp-1.zip: 81%
2023-03-15T22:34:58.436Z [Modules] Streaming discord_krisp@1 to /home/ramin/.config/discord/0.0.25/modules/pending/discord_krisp-1.zip: 82%
2023-03-15T22:34:58.449Z [Modules] Streaming discord_krisp@1 to /home/ramin/.config/discord/0.0.25/modules/pending/discord_krisp-1.zip: 83%
2023-03-15T22:34:58.456Z [Modules] Streaming discord_krisp@1 to /home/ramin/.config/discord/0.0.25/modules/pending/discord_krisp-1.zip: 84%
2023-03-15T22:34:58.463Z [Modules] Streaming discord_krisp@1 to /home/ramin/.config/discord/0.0.25/modules/pending/discord_krisp-1.zip: 85%
2023-03-15T22:34:58.480Z [Modules] Streaming discord_krisp@1 to /home/ramin/.config/discord/0.0.25/modules/pending/discord_krisp-1.zip: 86%
2023-03-15T22:34:58.488Z [Modules] Streaming discord_krisp@1 to /home/ramin/.config/discord/0.0.25/modules/pending/discord_krisp-1.zip: 87%
2023-03-15T22:34:58.504Z [Modules] Streaming discord_krisp@1 to /home/ramin/.config/discord/0.0.25/modules/pending/discord_krisp-1.zip: 88%
2023-03-15T22:34:58.515Z [Modules] Streaming discord_krisp@1 to /home/ramin/.config/discord/0.0.25/modules/pending/discord_krisp-1.zip: 89%
2023-03-15T22:34:58.523Z [Modules] Streaming discord_krisp@1 to /home/ramin/.config/discord/0.0.25/modules/pending/discord_krisp-1.zip: 90%
2023-03-15T22:34:58.535Z [Modules] Streaming discord_krisp@1 to /home/ramin/.config/discord/0.0.25/modules/pending/discord_krisp-1.zip: 91%
2023-03-15T22:34:58.546Z [Modules] Streaming discord_krisp@1 to /home/ramin/.config/discord/0.0.25/modules/pending/discord_krisp-1.zip: 92%
2023-03-15T22:34:58.563Z [Modules] Streaming discord_krisp@1 to /home/ramin/.config/discord/0.0.25/modules/pending/discord_krisp-1.zip: 93%
2023-03-15T22:34:58.577Z [Modules] Streaming discord_krisp@1 to /home/ramin/.config/discord/0.0.25/modules/pending/discord_krisp-1.zip: 94%
2023-03-15T22:34:58.586Z [Modules] Streaming discord_krisp@1 to /home/ramin/.config/discord/0.0.25/modules/pending/discord_krisp-1.zip: 95%
2023-03-15T22:34:58.599Z [Modules] Streaming discord_krisp@1 to /home/ramin/.config/discord/0.0.25/modules/pending/discord_krisp-1.zip: 96%
2023-03-15T22:34:58.628Z [Modules] Streaming discord_krisp@1 to /home/ramin/.config/discord/0.0.25/modules/pending/discord_krisp-1.zip: 97%
2023-03-15T22:34:58.635Z [Modules] Checking for host updates.
2023-03-15T22:34:58.637Z [Modules] Streaming discord_krisp@1 to /home/ramin/.config/discord/0.0.25/modules/pending/discord_krisp-1.zip: 98%
2023-03-15T22:34:58.649Z [Modules] Streaming discord_krisp@1 to /home/ramin/.config/discord/0.0.25/modules/pending/discord_krisp-1.zip: 99%
2023-03-15T22:34:58.659Z [Modules] Streaming discord_krisp@1 to /home/ramin/.config/discord/0.0.25/modules/pending/discord_krisp-1.zip: 100%
2023-03-15T22:34:58.661Z [Modules] Fetching discord_game_utils@1 from https://discord.com/api/modules/stable/discord_game_utils/1
2023-03-15T22:34:58.662Z [Modules] Streaming discord_game_utils@1 to /home/ramin/.config/discord/0.0.25/modules/pending/discord_game_utils-1.zip
2023-03-15T22:34:58.662Z [Modules] Installing discord_krisp@1 from /home/ramin/.config/discord/0.0.25/modules/pending/discord_krisp-1.zip
2023-03-15T22:34:58.801Z [Modules] Host is up to date.
2023-03-15T22:34:58.801Z [Modules] Checking for module updates at https://discord.com/api/modules/stable/versions.json
2023-03-15T22:34:58.804Z [Modules] No module updates available.
2023-03-15T22:34:58.848Z [Modules] Streaming discord_game_utils@1 to /home/ramin/.config/discord/0.0.25/modules/pending/discord_game_utils-1.zip: 2%
2023-03-15T22:34:58.853Z [Modules] Streaming discord_game_utils@1 to /home/ramin/.config/discord/0.0.25/modules/pending/discord_game_utils-1.zip: 5%
2023-03-15T22:34:58.862Z [Modules] Streaming discord_game_utils@1 to /home/ramin/.config/discord/0.0.25/modules/pending/discord_game_utils-1.zip: 11%
2023-03-15T22:34:58.864Z [Modules] Streaming discord_game_utils@1 to /home/ramin/.config/discord/0.0.25/modules/pending/discord_game_utils-1.zip: 13%
2023-03-15T22:34:58.871Z [Modules] Streaming discord_game_utils@1 to /home/ramin/.config/discord/0.0.25/modules/pending/discord_game_utils-1.zip: 21%
2023-03-15T22:34:58.872Z [Modules] Streaming discord_game_utils@1 to /home/ramin/.config/discord/0.0.25/modules/pending/discord_game_utils-1.zip: 23%
2023-03-15T22:34:58.873Z [Modules] Streaming discord_game_utils@1 to /home/ramin/.config/discord/0.0.25/modules/pending/discord_game_utils-1.zip: 26%
2023-03-15T22:34:58.875Z [Modules] Streaming discord_game_utils@1 to /home/ramin/.config/discord/0.0.25/modules/pending/discord_game_utils-1.zip: 29%
2023-03-15T22:34:58.881Z [Modules] Streaming discord_game_utils@1 to /home/ramin/.config/discord/0.0.25/modules/pending/discord_game_utils-1.zip: 31%
2023-03-15T22:34:58.884Z [Modules] Starting to install discord_rpc...
2023-03-15T22:34:58.884Z [Modules] Streaming discord_game_utils@1 to /home/ramin/.config/discord/0.0.25/modules/pending/discord_game_utils-1.zip: 33%
2023-03-15T22:34:58.886Z [Modules] Streaming discord_game_utils@1 to /home/ramin/.config/discord/0.0.25/modules/pending/discord_game_utils-1.zip: 35%
2023-03-15T22:34:58.890Z [Modules] Streaming discord_game_utils@1 to /home/ramin/.config/discord/0.0.25/modules/pending/discord_game_utils-1.zip: 36%
2023-03-15T22:34:58.892Z [Modules] Streaming discord_game_utils@1 to /home/ramin/.config/discord/0.0.25/modules/pending/discord_game_utils-1.zip: 39%
2023-03-15T22:34:58.893Z [Modules] Streaming discord_game_utils@1 to /home/ramin/.config/discord/0.0.25/modules/pending/discord_game_utils-1.zip: 41%
2023-03-15T22:34:58.897Z [Modules] Streaming discord_game_utils@1 to /home/ramin/.config/discord/0.0.25/modules/pending/discord_game_utils-1.zip: 42%
2023-03-15T22:34:58.899Z [Modules] Streaming discord_game_utils@1 to /home/ramin/.config/discord/0.0.25/modules/pending/discord_game_utils-1.zip: 45%
2023-03-15T22:34:58.903Z [Modules] Streaming discord_game_utils@1 to /home/ramin/.config/discord/0.0.25/modules/pending/discord_game_utils-1.zip: 51%
2023-03-15T22:34:58.905Z [Modules] Streaming discord_game_utils@1 to /home/ramin/.config/discord/0.0.25/modules/pending/discord_game_utils-1.zip: 54%
2023-03-15T22:34:58.906Z [Modules] Streaming discord_game_utils@1 to /home/ramin/.config/discord/0.0.25/modules/pending/discord_game_utils-1.zip: 56%
2023-03-15T22:34:58.912Z [Modules] Streaming discord_game_utils@1 to /home/ramin/.config/discord/0.0.25/modules/pending/discord_game_utils-1.zip: 57%
2023-03-15T22:34:58.925Z [Modules] Streaming discord_game_utils@1 to /home/ramin/.config/discord/0.0.25/modules/pending/discord_game_utils-1.zip: 59%
2023-03-15T22:34:58.925Z [Modules] Streaming discord_game_utils@1 to /home/ramin/.config/discord/0.0.25/modules/pending/discord_game_utils-1.zip: 63%
2023-03-15T22:34:58.928Z [Modules] Streaming discord_game_utils@1 to /home/ramin/.config/discord/0.0.25/modules/pending/discord_game_utils-1.zip: 65%
2023-03-15T22:34:58.932Z [Modules] Streaming discord_game_utils@1 to /home/ramin/.config/discord/0.0.25/modules/pending/discord_game_utils-1.zip: 67%
2023-03-15T22:34:58.933Z [Modules] Streaming discord_game_utils@1 to /home/ramin/.config/discord/0.0.25/modules/pending/discord_game_utils-1.zip: 69%
2023-03-15T22:34:58.935Z [Modules] Streaming discord_game_utils@1 to /home/ramin/.config/discord/0.0.25/modules/pending/discord_game_utils-1.zip: 70%
2023-03-15T22:34:58.940Z [Modules] Streaming discord_game_utils@1 to /home/ramin/.config/discord/0.0.25/modules/pending/discord_game_utils-1.zip: 73%
2023-03-15T22:34:58.940Z [Modules] Streaming discord_game_utils@1 to /home/ramin/.config/discord/0.0.25/modules/pending/discord_game_utils-1.zip: 75%
2023-03-15T22:34:58.947Z [Modules] Streaming discord_game_utils@1 to /home/ramin/.config/discord/0.0.25/modules/pending/discord_game_utils-1.zip: 76%
2023-03-15T22:34:58.952Z [Modules] Streaming discord_game_utils@1 to /home/ramin/.config/discord/0.0.25/modules/pending/discord_game_utils-1.zip: 82%
2023-03-15T22:34:58.962Z [Modules] Streaming discord_game_utils@1 to /home/ramin/.config/discord/0.0.25/modules/pending/discord_game_utils-1.zip: 85%
2023-03-15T22:34:58.962Z [Modules] Streaming discord_game_utils@1 to /home/ramin/.config/discord/0.0.25/modules/pending/discord_game_utils-1.zip: 88%
2023-03-15T22:34:58.963Z [Modules] Streaming discord_game_utils@1 to /home/ramin/.config/discord/0.0.25/modules/pending/discord_game_utils-1.zip: 90%
2023-03-15T22:34:58.972Z [Modules] Streaming discord_game_utils@1 to /home/ramin/.config/discord/0.0.25/modules/pending/discord_game_utils-1.zip: 94%
2023-03-15T22:34:58.975Z [Modules] Streaming discord_game_utils@1 to /home/ramin/.config/discord/0.0.25/modules/pending/discord_game_utils-1.zip: 97%
2023-03-15T22:34:58.975Z [Modules] Streaming discord_game_utils@1 to /home/ramin/.config/discord/0.0.25/modules/pending/discord_game_utils-1.zip: 100%
2023-03-15T22:34:58.976Z [Modules] Fetching discord_rpc@1 from https://discord.com/api/modules/stable/discord_rpc/1
2023-03-15T22:34:58.976Z [Modules] Streaming discord_rpc@1 to /home/ramin/.config/discord/0.0.25/modules/pending/discord_rpc-1.zip
2023-03-15T22:34:59.166Z [Modules] Streaming discord_rpc@1 to /home/ramin/.config/discord/0.0.25/modules/pending/discord_rpc-1.zip: 100%
2023-03-15T22:34:59.167Z [Modules] Finished module downloads. [success: 3] [failure: 0]
2023-03-15T22:34:59.316Z [Modules] Installing discord_game_utils@1 from /home/ramin/.config/discord/0.0.25/modules/pending/discord_game_utils-1.zip
2023-03-15T22:34:59.399Z [Modules] Installing discord_rpc@1 from /home/ramin/.config/discord/0.0.25/modules/pending/discord_rpc-1.zip
2023-03-15T22:34:59.424Z [Modules] Finished module installations. [success: 3] [failure: 0]
